<?xml version="1.0" encoding="UTF-8"?>
<!-- Generated by org.testng.reporters.JUnitXMLReporter -->
<testsuite hostname="DESKTOP-2VK50OM" ignored="0" name="Command line test" tests="3" failures="3" timestamp="2023-05-12T11:46:03 BST" time="8.031" errors="0">
  <testcase name="aChileanComingToTheUKForWorkAndPlansOnStayingForLongerThanSixMonths" time="0.253" classname="gov.uk.check.visa.testsuite.VisaConfirmationTest">
    <failure type="java.lang.NullPointerException">
      <![CDATA[java.lang.NullPointerException
at gov.uk.check.visa.pages.SelectNationalityPage.selectNationality(SelectNationalityPage.java:24)
at gov.uk.check.visa.testsuite.VisaConfirmationTest.aChileanComingToTheUKForWorkAndPlansOnStayingForLongerThanSixMonths(VisaConfirmationTest.java:54)
at java.util.ArrayList.forEach(ArrayList.java:1249)
... Removed 37 stack frames]]>
    </failure>
  </testcase> <!-- aChileanComingToTheUKForWorkAndPlansOnStayingForLongerThanSixMonths -->
  <testcase name="aColumbianNationalComingToTheUKToJoinAPartnerForALongStayTheyDoHaveAnArticle10Or20Card" time="0.227" classname="gov.uk.check.visa.testsuite.VisaConfirmationTest">
    <failure type="java.lang.NullPointerException">
      <![CDATA[java.lang.NullPointerException
at gov.uk.check.visa.pages.SelectNationalityPage.selectNationality(SelectNationalityPage.java:24)
at gov.uk.check.visa.testsuite.VisaConfirmationTest.aColumbianNationalComingToTheUKToJoinAPartnerForALongStayTheyDoHaveAnArticle10Or20Card(VisaConfirmationTest.java:79)
at java.util.ArrayList.forEach(ArrayList.java:1249)
... Removed 37 stack frames]]>
    </failure>
  </testcase> <!-- aColumbianNationalComingToTheUKToJoinAPartnerForALongStayTheyDoHaveAnArticle10Or20Card -->
  <testcase name="anAustralianComingToUKForTourism" time="2.49" classname="gov.uk.check.visa.testsuite.VisaConfirmationTest">
    <failure type="java.lang.NullPointerException">
      <![CDATA[java.lang.NullPointerException
at gov.uk.check.visa.pages.SelectNationalityPage.selectNationality(SelectNationalityPage.java:24)
at gov.uk.check.visa.testsuite.VisaConfirmationTest.anAustralianComingToUKForTourism(VisaConfirmationTest.java:37)
at java.util.ArrayList.forEach(ArrayList.java:1249)
... Removed 37 stack frames]]>
    </failure>
  </testcase> <!-- anAustralianComingToUKForTourism -->
</testsuite> <!-- Command line test -->
