-------------------------------------------------------------------------------
Test set: TestSuite
-------------------------------------------------------------------------------
Tests run: 3, Failures: 3, Errors: 0, Skipped: 0, Time elapsed: 8.813 sec <<< FAILURE!
aChileanComingToTheUKForWorkAndPlansOnStayingForLongerThanSixMonths(gov.uk.check.visa.testsuite.VisaConfirmationTest)  Time elapsed: 0.256 sec  <<< FAILURE!
java.lang.NullPointerException
	at gov.uk.check.visa.pages.SelectNationalityPage.selectNationality(SelectNationalityPage.java:24)
	at gov.uk.check.visa.testsuite.VisaConfirmationTest.aChileanComingToTheUKForWorkAndPlansOnStayingForLongerThanSixMonths(VisaConfirmationTest.java:54)

aColumbianNationalComingToTheUKToJoinAPartnerForALongStayTheyDoHaveAnArticle10Or20Card(gov.uk.check.visa.testsuite.VisaConfirmationTest)  Time elapsed: 0.227 sec  <<< FAILURE!
java.lang.NullPointerException
	at gov.uk.check.visa.pages.SelectNationalityPage.selectNationality(SelectNationalityPage.java:24)
	at gov.uk.check.visa.testsuite.VisaConfirmationTest.aColumbianNationalComingToTheUKToJoinAPartnerForALongStayTheyDoHaveAnArticle10Or20Card(VisaConfirmationTest.java:79)

anAustralianComingToUKForTourism(gov.uk.check.visa.testsuite.VisaConfirmationTest)  Time elapsed: 2.49 sec  <<< FAILURE!
java.lang.NullPointerException
	at gov.uk.check.visa.pages.SelectNationalityPage.selectNationality(SelectNationalityPage.java:24)
	at gov.uk.check.visa.testsuite.VisaConfirmationTest.anAustralianComingToUKForTourism(VisaConfirmationTest.java:37)

